<?xml version="1.0" encoding="UTF-8"?>
<!-- Generated by org.testng.reporters.JUnitXMLReporter -->
<testsuite ignored="0" hostname="yanagiaosLaptop" failures="0" tests="3" name="Submit Order Test" time="61.271" errors="0" timestamp="2024-07-16T14:20:12 AEST">
  <testcase classname="rahulshettyacademy.tests.SubmitOrderTest" name="submitOrder" time="18.896"/>
  <testcase classname="rahulshettyacademy.tests.SubmitOrderTest" name="submitOrder" time="18.178"/>
  <testcase classname="rahulshettyacademy.tests.SubmitOrderTest" name="OrderHistoryTest" time="0.811"/>
</testsuite> <!-- Submit Order Test -->
